This is e-pTeX, Version 3.14159265-p3.7-160201-2.6 (utf8.euc) (TeX Live 2016) (preloaded format=platex 2016.10.5)  20 JUN 2017 23:09
entering extended mode
 restricted \write18 enabled.
 file:line:error style messages enabled.
 %&-line parsing enabled.
**sample.tex
(./sample.tex
pLaTeX2e <2016/09/08> (based on LaTeX2e <2016/03/31> patch level 3)
Babel <3.9r> and hyphenation patterns for 83 language(s) loaded.
(./compsoft.cls
Document Class: compsoft 2000/11/02 ver 0.10
(./compsoft.sty
Document Style `compsoft' ascii version <23 Mar 92>.
\@maxsep=\dimen118
\@dblmaxsep=\dimen119
\JQ=\dimen120
\Q=\dimen121
\@Baseline=\dimen122
\jspaceskip=\dimen123
\jmathkanjiskip=\dimen124
\@mojihaba=\dimen125
\c@part=\count82
\c@section=\count83
\c@subsection=\count84
\c@subsubsection=\count85
\c@paragraph=\count86
\c@subparagraph=\count87
\@currentmojihaba=\skip41
\twodigits=\skip42
\bibbox=\box41
\@beforecaptionskip=\skip43
\@aftercaptionskip=\skip44
\@tempboxb=\box42
\c@figure=\count88
\c@table=\count89
\@floatheight=\dimen126
\@floatlinecount=\count90
\@temptitlebox=\box43
\strokeinterval=\dimen127
\strokewidth=\dimen128
\rightstrokewidth=\dimen129
\boxinterval=\dimen130
\boxwidth=\dimen131
\leftboxwidth=\dimen132
\choshaspacebox=\box44
\tempsplitbox=\box45
\nobreakcount=\count91
\c@volpageoffset=\count92
\c@巻数=\count93
\c@号数=\count94
\c@年数=\count95
\c@firstpage=\count96
\c@lastpage=\count97
\dimen@@=\dimen133
\@interlinegap=\skip45
\@leftcolumnfootnote=\box46
\@rightcolumnfootnote=\box47
\adjustbox=\box48
\adjustheight=\dimen134
\adjustlinecount=\count98
)) (/usr/local/texlive/2016/texmf-dist/tex/latex/graphics/graphics.sty
Package: graphics 2016/07/10 v1.0t Standard LaTeX Graphics (DPC,SPQR)

(/usr/local/texlive/2016/texmf-dist/tex/latex/graphics/trig.sty
Package: trig 2016/01/03 v1.10 sin cos tan (DPC)
)
(/usr/local/texlive/2016/texmf-dist/tex/latex/graphics-cfg/graphics.cfg
File: graphics.cfg 2016/06/04 v1.11 sample graphics configuration
)
Package graphics Info: Driver file: dvips.def on input line 99.

(/usr/local/texlive/2016/texmf-dist/tex/latex/graphics-def/dvips.def
File: dvips.def 2016/07/10 v3.1a Driver-dependent file (DPC,SPQR)
))
(/usr/local/texlive/2016/texmf-dist/tex/latex/url/url.sty
\Urlmuskip=\muskip10
Package: url 2013/09/16  ver 3.4  Verb mode for urls, etc.
)
(/usr/local/texlive/2016/texmf-dist/tex/latex/graphics/color.sty
Package: color 2016/07/10 v1.1e Standard LaTeX Color (DPC)

(/usr/local/texlive/2016/texmf-dist/tex/latex/graphics-cfg/color.cfg
File: color.cfg 2016/01/02 v1.6 sample color configuration
)
Package color Info: Driver file: dvips.def on input line 147.

(/usr/local/texlive/2016/texmf-dist/tex/latex/graphics/dvipsnam.def
File: dvipsnam.def 2016/06/17 v3.0m Driver-dependent file (DPC,SPQR)
))
(/usr/local/texlive/2016/texmf-dist/tex/latex/multirow/multirow.sty
Package: multirow 2016/09/27 v2.0 Span multiple rows of a table
\multirow@colwidth=\skip46
\multirow@cnta=\count99
\multirow@cntb=\count100
\multirow@dima=\skip47
\bigstrutjot=\dimen135
)
(/usr/local/texlive/2016/texmf-dist/tex/latex/listings/listings.sty
(/usr/local/texlive/2016/texmf-dist/tex/latex/graphics/keyval.sty
Package: keyval 2014/10/28 v1.15 key=value parser (DPC)
\KV@toks@=\toks15
)
\lst@mode=\count101
\lst@gtempboxa=\box49
\lst@token=\toks16
\lst@length=\count102
\lst@currlwidth=\dimen136
\lst@column=\count103
\lst@pos=\count104
\lst@lostspace=\dimen137
\lst@width=\dimen138
\lst@newlines=\count105
\lst@lineno=\count106
\abovecaptionskip=\skip48
\belowcaptionskip=\skip49
\lst@maxwidth=\dimen139

(/usr/local/texlive/2016/texmf-dist/tex/latex/listings/lstmisc.sty
File: lstmisc.sty 2015/06/04 1.6 (Carsten Heinz)
\c@lstnumber=\count107
\lst@skipnumbers=\count108
\lst@framebox=\box50
)
(/usr/local/texlive/2016/texmf-dist/tex/latex/listings/listings.cfg
File: listings.cfg 2015/06/04 1.6 listings configuration
))
Package: listings 2015/06/04 1.6 (Carsten Heinz)

(/usr/local/texlive/2016/texmf-dist/tex/latex/listings/jlisting.sty
Package: jlisting 2006/02/20 0.2 (Thor)
\lst@nextchar=\count109
\lst@inputfile=\read1
)
(/usr/local/texlive/2016/texmf-dist/tex/latex/here/here.sty)
(/usr/local/texlive/2016/texmf-dist/tex/latex/float/float.sty
Package: float 2001/11/08 v1.3d Float enhancements (AL)
\c@float@type=\count110
\float@exts=\toks17
\float@box=\box51
\@float@everytoks=\toks18
\@floatcapt=\box52
)
(/usr/local/texlive/2016/texmf-dist/tex/latex/listings/lstlang1.sty
File: lstlang1.sty 2015/06/04 1.6 listings language file
)
(/usr/local/texlive/2016/texmf-dist/tex/latex/listings/lstlang2.sty
File: lstlang2.sty 2015/06/04 1.6 listings language file
)
(/usr/local/texlive/2016/texmf-dist/tex/latex/listings/lstlang3.sty
File: lstlang3.sty 2015/06/04 1.6 listings language file
)
(./sample.aux)
\openout1 = `sample.aux'.

LaTeX Font Info:    Checking defaults for OML/cmm/m/it on input line 68.
LaTeX Font Info:    ... okay on input line 68.
LaTeX Font Info:    Checking defaults for T1/cmr/m/n on input line 68.
LaTeX Font Info:    ... okay on input line 68.
LaTeX Font Info:    Checking defaults for OT1/cmr/m/n on input line 68.
LaTeX Font Info:    ... okay on input line 68.
LaTeX Font Info:    Checking defaults for OMS/cmsy/m/n on input line 68.
LaTeX Font Info:    ... okay on input line 68.
LaTeX Font Info:    Checking defaults for OMX/cmex/m/n on input line 68.
LaTeX Font Info:    ... okay on input line 68.
LaTeX Font Info:    Checking defaults for U/cmr/m/n on input line 68.
LaTeX Font Info:    ... okay on input line 68.
LaTeX Font Info:    Checking defaults for JY1/mc/m/n on input line 68.
LaTeX Font Info:    ... okay on input line 68.
LaTeX Font Info:    Checking defaults for JT1/mc/m/n on input line 68.
LaTeX Font Info:    ... okay on input line 68.
\c@lstlisting=\count111
LaTeX Font Info:    Font shape `JT1/gt/bx/n' in size <8> not available
(Font)              Font shape `JT1/gt/m/n' tried instead on input line 134.
LaTeX Font Info:    Font shape `JY1/gt/bx/n' in size <8> not available
(Font)              Font shape `JY1/gt/m/n' tried instead on input line 134.
LaTeX Font Info:    Font shape `JT1/gt/bx/n' in size <17.28> not available
(Font)              Font shape `JT1/gt/m/n' tried instead on input line 134.
LaTeX Font Info:    Font shape `JY1/gt/bx/n' in size <17.28> not available
(Font)              Font shape `JY1/gt/m/n' tried instead on input line 134.
LaTeX Font Info:    External font `cmex10' loaded for size
(Font)              <14.4> on input line 134.
LaTeX Font Info:    External font `cmex10' loaded for size
(Font)              <7> on input line 134.
LaTeX Font Info:    External font `cmex10' loaded for size
(Font)              <8> on input line 134.
LaTeX Font Info:    External font `cmex10' loaded for size
(Font)              <6> on input line 134.
LaTeX Font Info:    External font `cmex10' loaded for size
(Font)              <5> on input line 134.
LaTeX Font Info:    Font shape `JT1/gt/bx/n' in size <10> not available
(Font)              Font shape `JT1/gt/m/n' tried instead on input line 136.
LaTeX Font Info:    Font shape `JY1/gt/bx/n' in size <10> not available
(Font)              Font shape `JY1/gt/m/n' tried instead on input line 136.
LaTeX Font Info:    Font shape `JT1/gt/bx/n' in size <9> not available
(Font)              Font shape `JT1/gt/m/n' tried instead on input line 142.
LaTeX Font Info:    Font shape `JY1/gt/bx/n' in size <9> not available
(Font)              Font shape `JY1/gt/m/n' tried instead on input line 142.
 [78


] [79]
LaTeX Font Info:    External font `cmex10' loaded for size
(Font)              <9> on input line 223.
 [80]
Overfull \hbox (9.70166pt too wide) in paragraph at lines 295--300
\OT1/cmtt/m/n/9 PBLEstimationTool / blob / master / palam-[]def . md$\JY1/mc/m/
n/9 ， そ
 []


Overfull \hbox (3.39357pt too wide) in paragraph at lines 295--300
\OT1/cmtt/m/n/9 PBLEstimationTool / blob / master / Teaching _ data .
 []

File: enpit2016.eps Graphic file (type eps)
<enpit2016.eps>
Overfull \hbox (17.5684pt too wide) in paragraph at lines 322--328
\OT1/cmtt/m/n/9 PBLEstimationTool / blob / master / Operational _ rule .
 []


Overfull \hbox (6.23735pt too wide) in paragraph at lines 342--343
 [][] 
 []


Overfull \hbox (12.84346pt too wide) in paragraph at lines 330--344
\OT1/cmtt/m/n/9 keilab2016 / PBLEstimationTool / blob / master / 2016 _
 []

[81]
File: data.eps Graphic file (type eps)
 <data.eps> [82]
Underfull \hbox (badness 5817) in paragraph at lines 434--435
\OT1/cmr/m/n/8 IPA \JY1/mc/m/n/8 独立行政法人 情報処理推進機構\OT1/cmr/m/n/8 .'
'
 []


Overfull \hbox (6.99156pt too wide) in paragraph at lines 434--435
\OT1/cmtt/m/n/8 softwareengineering / std / ent01-[]c . html.$ \OT1/cmr/m/n/8 [
Ac-cessed:
 []


Underfull \hbox (badness 5817) in paragraph at lines 436--437
[]\OT1/cmr/m/n/8 Adam Tren-dow-icz, Jens Hei-drich, Ju-r-gen
 []


Underfull \hbox (badness 10000) detected at line 463
\JY1/gt/m/n/9 齋藤尊
 []

[83]
Underfull \hbox (badness 10000) detected at line 477
\JY1/gt/m/n/9 伊藤恵
 []

[84] (./sample.aux) ) 
Here is how much of TeX's memory you used:
 2527 strings out of 493682
 35179 string characters out of 6149641
 153237 words of memory out of 5000000
 6086 multiletter control sequences out of 15000+600000
 20782 words of font info for 79 fonts, out of 8000000 for 9000
 929 hyphenation exceptions out of 8191
 26i,11n,40p,270b,340s stack positions out of 5000i,500n,10000p,200000b,80000s

Output written on sample.dvi (7 pages, 49060 bytes).
